<?xml version="1.0" encoding="UTF-8"?>
<!-- Generated by org.testng.reporters.JUnitReportReporter -->
<testsuite hostname="Aayush" failures="0" tests="2" name="test.ErrorValidation" time="36.609" errors="0" timestamp="2024-06-02T15:20:08 IST" skipped="0">
  <testcase classname="test.ErrorValidation" name="loginError" time="7.557"/>
  <testcase classname="test.ErrorValidation" name="productError" time="29.052"/>
</testsuite> <!-- test.ErrorValidation -->
