<?xml version="1.0" encoding="UTF-8"?>
<!-- Generated by org.testng.reporters.JUnitReportReporter -->
<testsuite hostname="Aayush" failures="0" tests="3" name="test.LoginPageScript" time="49.975" errors="0" timestamp="2024-06-02T15:20:08 IST" skipped="0">
  <testcase classname="test.LoginPageScript" name="OrderHistory" time="5.944"/>
  <testcase classname="test.LoginPageScript" name="SubmitOrder" time="28.657"/>
  <testcase classname="test.LoginPageScript" name="SubmitOrder" time="15.374"/>
</testsuite> <!-- test.LoginPageScript -->
