<?xml version="1.0" encoding="UTF-8"?>
<!-- Generated by org.testng.reporters.JUnitReportReporter -->
<testsuite hostname="Aayush" failures="0" tests="2" name="test.ErrorValidation" time="69.752" errors="0" timestamp="2024-06-05T01:34:03 IST" skipped="0">
  <testcase classname="test.ErrorValidation" name="loginError" time="22.245"/>
  <testcase classname="test.ErrorValidation" name="productError" time="47.507"/>
</testsuite> <!-- test.ErrorValidation -->
