<?xml version="1.0" encoding="UTF-8"?>
<!-- Generated by org.testng.reporters.JUnitReportReporter -->
<testsuite hostname="Aayush" failures="0" tests="3" name="test.LoginPageScript" time="98.854" errors="0" timestamp="2024-06-05T01:34:03 IST" skipped="0">
  <testcase classname="test.LoginPageScript" name="SubmitOrder" time="36.831"/>
  <testcase classname="test.LoginPageScript" name="SubmitOrder" time="40.996"/>
  <testcase classname="test.LoginPageScript" name="OrderHistory" time="21.027"/>
</testsuite> <!-- test.LoginPageScript -->
